<?xml version="1.0" encoding="UTF-8"?>
<testsuites name="Javascript001" time="82.433" tests="1" failures="0" errors="0">
   <testsuite name="Javascript001" tests="1" failures="0" errors="0" time="82.433" skipped="0" timestamp="2023-05-05 16:20:52" hostname="om - DESKTOP-ULKJEBS" id="Test Suites/Javascript001">
      <properties>
         <property name="deviceName" value=""/>
         <property name="devicePlatform" value=""/>
         <property name="logFolder" value="C:\\Users\\om\\Katalon Studio\\RD_TestKTRE\\Reports\\20230505_162036\\Javascript001\\20230505_162036"/>
         <property name="logFiles" value="C:\\Users\\om\\Katalon Studio\\RD_TestKTRE\\Reports\\20230505_162036\\Javascript001\\20230505_162036\\execution0.log"/>
         <property name="attachments" value=""/>
         <property name="hostName" value="om - DESKTOP-ULKJEBS"/>
         <property name="remoteDriverUrl" value="testcloud.katalon.com/hub"/>
         <property name="desiredCapabilities" value="{
  &quot;acceptInsecureCerts&quot;: false,
  &quot;browserName&quot;: &quot;internet explorer&quot;,
  &quot;browserVersion&quot;: &quot;11&quot;,
  &quot;enablePersistentHover&quot;: false,
  &quot;ignoreProtectedModeSettings&quot;: true,
  &quot;ignoreZoomSetting&quot;: true,
  &quot;javascriptEnabled&quot;: true,
  &quot;os&quot;: &quot;windows&quot;,
  &quot;pageLoadStrategy&quot;: &quot;normal&quot;,
  &quot;platform&quot;: &quot;WINDOWS&quot;,
  &quot;platformName&quot;: &quot;WINDOWS&quot;,
  &quot;proxy&quot;: {
    &quot;proxyType&quot;: &quot;MANUAL&quot;,
    &quot;autodetect&quot;: false,
    &quot;httpProxy&quot;: &quot;127.0.0.1:1080&quot;,
    &quot;sslProxy&quot;: &quot;127.0.0.1:1080&quot;
  },
  &quot;requestId&quot;: &quot;262f79cb-5e34-4dec-b843-eb673b426cb1&quot;,
  &quot;requireWindowFocus&quot;: true,
  &quot;se:ieOptions&quot;: {
    &quot;browserAttachTimeout&quot;: 0,
    &quot;elementScrollBehavior&quot;: 0,
    &quot;enablePersistentHover&quot;: false,
    &quot;ie.browserCommandLineSwitches&quot;: &quot;&quot;,
    &quot;ie.edgechromium&quot;: false,
    &quot;ie.edgepath&quot;: &quot;&quot;,
    &quot;ie.ensureCleanSession&quot;: false,
    &quot;ie.fileUploadDialogTimeout&quot;: 3000,
    &quot;ie.forceCreateProcessApi&quot;: false,
    &quot;ie.usePerProcessProxy&quot;: false,
    &quot;ignoreProtectedModeSettings&quot;: true,
    &quot;ignoreZoomSetting&quot;: true,
    &quot;initialBrowserUrl&quot;: &quot;http://localhost:49806/&quot;,
    &quot;nativeEvents&quot;: true,
    &quot;requireWindowFocus&quot;: true
  },
  &quot;setWindowRect&quot;: true,
  &quot;strictFileInteractability&quot;: false,
  &quot;test:katalon:option&quot;: {
    &quot;unlimitedExecutionMinutes&quot;: true,
    &quot;apiKey&quot;: &quot;8203360f-c165-412d-9453-9271a5740907&quot;,
    &quot;jwt&quot;: &quot;eyJ0eXAiOiJKV1QiLCJhbGciOiJSUzI1NiJ9.eyJzdWIiOiJyYWpuaS5kdWJleUBtaW5kdHJlZS5jb20iLCJ1cG4iOiIxMDMzOTI3IiwiZ3JvdXBzIjpbIlVTRVIiXSwic3RhdHVzIjoiVkVSSUZJRUQiLCJnaXZlbl9uYW1lIjoicmFqbmkiLCJmYW1pbHlfbmFtZSI6ImR1YmV5IiwiZW1haWwiOiJyYWpuaS5kdWJleUBtaW5kdHJlZS5jb20iLCJlbWFpbF92ZXJpZmllZCI6dHJ1ZSwiY3JlYXRlZF9hdCI6MTY2MTUwODEzOSwidXBkYXRlZF9hdCI6MTY4MzI4MjA5NSwiYW1yIjpbInB3ZCJdLCJpYXQiOjE2ODMyODIxNTUsImV4cCI6MTY4Mzg4Njk1NSwianRpIjoiYzY4ZjBmYmEtMTI2NC00YWFhLTgyYWItNmRkYTFmMjQ3NDM1IiwiaXNzIjoia2F0YWxvbi1hdXRoIn0.QxDesHHVlnun87yWYdSaWKMTSZ7F6ZHhu_iqIJMHxVIFqoqIhF1sXn1TgrsDAZ8N_HBed4s2GQs71sm6-Q32aGB_MT_Go7P-MRGcGRIpeSb7kZvo-bSssmbRXXsONTlCOqXxS-Vgdbsvr_30Ri0leVS4OribXeo6iOIAxFeeKmhtcn0X1NQs0onxkgBdfF3IxnbaBNoLr9fEPfRF5FX7ilhYU9R_1G4FfH96xIo32t9CP6Rc2LN5NhvYevd-nE4fDZpiV3t4uEYUGvF-7qF5CUTpAW4VL-rxvdTnJB2JF60F5rWzIKclY-EoC6SVDcNvaOkaHCW7_OXJqj-ykqfvDw&quot;,
    &quot;tunnelMetadataId&quot;: &quot;6fdb3942-87ce-48e8-9873-92cddc34a585&quot;,
    &quot;secret&quot;: &quot;99b747dedcd2b0f97782c37c90ec074396f5cf25&quot;,
    &quot;userId&quot;: 1033927,
    &quot;organizationId&quot;: &quot;856218&quot;,
    &quot;class&quot;: &quot;com.katalon.testcloud.grid.common.tunnel.domain.UserOptionCapability&quot;,
    &quot;runFromTestCloud&quot;: true,
    &quot;tenant&quot;: &quot;KatalonStudio&quot;,
    &quot;usingTunnel&quot;: true,
    &quot;username&quot;: &quot;rajni.dubey@mindtree.com&quot;,
    &quot;group&quot;: &quot;5fb4b67a-2c13-40c7-ad37-7796a38b313d&quot;
  },
  &quot;timeouts&quot;: {
    &quot;implicit&quot;: 0,
    &quot;pageLoad&quot;: 300000,
    &quot;script&quot;: 30000
  },
  &quot;unhandledPromptBehavior&quot;: &quot;dismiss and notify&quot;
}"/>
         <property name="os" value="Windows 10 64bit"/>
         <property name="remoteOS" value="Windows"/>
         <property name="katalonVersion" value="8.5.5.208"/>
         <property name="browser" value="IE 11"/>
         <property name="hostAddress" value="192.168.0.174"/>
         <property name="sessionId" value="59a8cc00-1d58-4f30-865f-06f355b712c5"/>
         <property name="seleniumVersion" value="3.141.59"/>
         <property name="proxyInformation" value="ProxyInformation { proxyOption=NO_PROXY, proxyServerType=HTTP, username=, password=********, proxyServerAddress=, proxyServerPort=0, executionList=&quot;&quot;, isApplyToDesiredCapabilities=true }"/>
         <property name="platform" value="Windows 10"/>
      </properties>
      <testcase name="Test Cases/JavaScriptWait" time="81.154" classname="Test Cases/JavaScriptWait" status="PASSED">
         <system-out><![CDATA[2023-05-05 16:20:53 - [TEST_CASE][PASSED] - Test Cases/JavaScriptWait: Test Cases/JavaScriptWait

2023-05-05 16:20:55 - [TEST_STEP][PASSED] - openBrowser("http://www.themazerunner.com.au/"): Browser is opened with url: 'http://www.themazerunner.com.au/'

2023-05-05 16:20:56 - [MESSAGE][INFO] - User set preference: ['os', 'windows']

2023-05-05 16:20:56 - [MESSAGE][INFO] - User set preference: ['browserName', 'internet explorer']

2023-05-05 16:20:56 - [MESSAGE][INFO] - User set preference: ['browserVersion', '11']

2023-05-05 16:20:56 - [MESSAGE][INFO] - User set preference: ['katalon:option', '{organizationId=856218, tunnelId=6fdb3942-87ce-48e8-9873-92cddc34a585, usingTunnel=true}']

2023-05-05 16:20:56 - [MESSAGE][INFO] - Connecting to remote web server 'testcloud.katalon.com/hub' with type 'Selenium'

2023-05-05 16:20:58 - [MESSAGE][INFO] - Action delay is set to 0 milliseconds

2023-05-05 16:22:12 - [MESSAGE][PASSED] - Browser is opened with url: 'http://www.themazerunner.com.au/'

2023-05-05 16:22:12 - [TEST_STEP][PASSED] - s = "window.onload = function() {}": null

2023-05-05 16:22:12 - [TEST_STEP][PASSED] - executeJavaScript(s, null): Execute JavaScript 'window.onload = function() {}' successfully

2023-05-05 16:22:13 - [MESSAGE][PASSED] - Execute JavaScript 'window.onload = function() {}' successfully

2023-05-05 16:22:13 - [TEST_STEP][PASSED] - closeBrowser(): Browser is closed

2023-05-05 16:22:14 - [MESSAGE][PASSED] - Browser is closed]]></system-out>
         <system-err><![CDATA[]]></system-err>
      </testcase>
      <system-out><![CDATA[2023-05-05 16:20:52 - [TEST_SUITE][PASSED] - Javascript001: Test Cases/JavaScriptWait]]></system-out>
      <system-err><![CDATA[]]></system-err>
   </testsuite>
</testsuites>
