<?xml version="1.0" encoding="UTF-8"?>
<testsuites name="KTE_01" time="18.807" tests="1" failures="0" errors="0">
   <testsuite name="KTE_01" tests="1" failures="0" errors="0" time="18.807" skipped="0" timestamp="2023-05-03 16:12:19" hostname="om - DESKTOP-ULKJEBS" id="Test Suites/KTE_01">
      <properties>
         <property name="deviceName" value=""/>
         <property name="devicePlatform" value=""/>
         <property name="logFolder" value="C:\\Users\\om\\Katalon Studio\\RD_TestKTRE\\Reports\\20230503_161157\\KTE_01\\20230503_161206"/>
         <property name="logFiles" value="C:\\Users\\om\\Katalon Studio\\RD_TestKTRE\\Reports\\20230503_161157\\KTE_01\\20230503_161206\\execution0.log"/>
         <property name="attachments" value=""/>
         <property name="hostName" value="om - DESKTOP-ULKJEBS"/>
         <property name="os" value="Windows 10 64bit"/>
         <property name="katalonVersion" value="8.6.0.208"/>
         <property name="browser" value="Chrome 113.0.0.0"/>
         <property name="hostAddress" value="192.168.0.174"/>
         <property name="sessionId" value="db01c67eb473260ba286b4ae38bc7c8d"/>
         <property name="seleniumVersion" value="3.141.59"/>
         <property name="proxyInformation" value="ProxyInformation { proxyOption=NO_PROXY, proxyServerType=HTTP, username=, password=********, proxyServerAddress=, proxyServerPort=0, executionList=&quot;&quot;, isApplyToDesiredCapabilities=true }"/>
         <property name="platform" value="Windows 10"/>
      </properties>
      <testcase name="Test Cases/TC_KTE" time="18.093" classname="Test Cases/TC_KTE" status="PASSED">
         <system-out><![CDATA[2023-05-03 16:12:20 - [TEST_CASE][PASSED] - Test Cases/TC_KTE: Test Cases/TC_KTE

2023-05-03 16:12:20 - [TEST_STEP][PASSED] - openBrowser(""): Browser is opened with url: ''

2023-05-03 16:12:21 - [MESSAGE][INFO] - Starting 'Chrome' driver

2023-05-03 16:12:21 - [MESSAGE][INFO] - Action delay is set to 0 milliseconds

2023-05-03 16:12:30 - [MESSAGE][PASSED] - Browser is opened with url: ''

2023-05-03 16:12:30 - [TEST_STEP][PASSED] - navigateToUrl("https://katalon-demo-cura.herokuapp.com/"): Navigate to 'https://katalon-demo-cura.herokuapp.com/' successfully

2023-05-03 16:12:33 - [MESSAGE][PASSED] - Navigate to 'https://katalon-demo-cura.herokuapp.com/' successfully

2023-05-03 16:12:33 - [TEST_STEP][PASSED] - click(findTestObject("Object Repository/Page_CURA Healthcare Service/a_Make Appointment")): Object: 'Object Repository/Page_CURA Healthcare Service/a_Make Appointment' is clicked on

2023-05-03 16:12:35 - [MESSAGE][PASSED] - Object: 'Object Repository/Page_CURA Healthcare Service/a_Make Appointment' is clicked on

2023-05-03 16:12:35 - [TEST_STEP][PASSED] - setText(findTestObject("Object Repository/Page_CURA Healthcare Service/input_Username_username"), "John Doe"): Text 'John Doe' is set on object 'Object Repository/Page_CURA Healthcare Service/input_Username_username'

2023-05-03 16:12:36 - [MESSAGE][PASSED] - Text 'John Doe' is set on object 'Object Repository/Page_CURA Healthcare Service/input_Username_username'

2023-05-03 16:12:36 - [TEST_STEP][PASSED] - setEncryptedText(findTestObject("Object Repository/Page_CURA Healthcare Service/input_Password_password"), "g3/DOGG74jC3Flrr3yH+3D/yKbOqqUNM"): Text ****** has been set on object 'Object Repository/Page_CURA Healthcare Service/input_Password_password'

2023-05-03 16:12:37 - [MESSAGE][PASSED] - Text ****** has been set on object 'Object Repository/Page_CURA Healthcare Service/input_Password_password'

2023-05-03 16:12:37 - [TEST_STEP][PASSED] - click(findTestObject("Object Repository/Page_CURA Healthcare Service/button_Login")): Object: 'Object Repository/Page_CURA Healthcare Service/button_Login' is clicked on

2023-05-03 16:12:38 - [MESSAGE][PASSED] - Object: 'Object Repository/Page_CURA Healthcare Service/button_Login' is clicked on]]></system-out>
         <system-err><![CDATA[]]></system-err>
      </testcase>
      <system-out><![CDATA[2023-05-03 16:12:19 - [TEST_SUITE][PASSED] - KTE_01: Test Cases/TC_KTE]]></system-out>
      <system-err><![CDATA[]]></system-err>
   </testsuite>
</testsuites>
