<?xml version="1.0" encoding="UTF-8"?>
<testsuites name="VisualMay1" time="23.606" tests="1" failures="0" errors="0">
   <testsuite name="VisualMay1" tests="1" failures="0" errors="0" time="23.606" skipped="0" timestamp="2023-05-10 16:24:10" hostname="om - DESKTOP-ULKJEBS" id="Test Suites/VisualMay1">
      <properties>
         <property name="deviceName" value=""/>
         <property name="devicePlatform" value=""/>
         <property name="logFolder" value="C:\\Users\\om\\Katalon Studio\\RD_TestKTRE\\Reports\\20230510_162341\\VisualMay1\\20230510_162341"/>
         <property name="logFiles" value="C:\\Users\\om\\Katalon Studio\\RD_TestKTRE\\Reports\\20230510_162341\\VisualMay1\\20230510_162341\\execution0.log"/>
         <property name="attachments" value="keyes\keyes-full_view.png"/>
         <property name="hostName" value="om - DESKTOP-ULKJEBS"/>
         <property name="os" value="Windows 10 64bit"/>
         <property name="katalonVersion" value="8.5.5.208"/>
         <property name="browser" value="Chrome 113.0.0.0"/>
         <property name="hostAddress" value="192.168.0.174"/>
         <property name="sessionId" value="39eeddbc4c51c10d9740c52c39ca158d"/>
         <property name="seleniumVersion" value="3.141.59"/>
         <property name="proxyInformation" value="ProxyInformation { proxyOption=NO_PROXY, proxyServerType=HTTP, username=, password=********, proxyServerAddress=, proxyServerPort=0, executionList=&quot;&quot;, isApplyToDesiredCapabilities=true }"/>
         <property name="platform" value="Windows 10"/>
      </properties>
      <testcase name="Test Cases/Visual Testing_TCs/TC_01" time="22.978" classname="Test Cases/Visual Testing_TCs/TC_01" status="PASSED">
         <system-out><![CDATA[2023-05-10 16:24:11 - [TEST_CASE][PASSED] - Test Cases/Visual Testing_TCs/TC_01: Test Cases/Visual Testing_TCs/TC_01

2023-05-10 16:24:11 - [TEST_STEP][PASSED] - openBrowser(""): Browser is opened with url: ''

2023-05-10 16:24:12 - [MESSAGE][INFO] - Starting 'Chrome' driver

2023-05-10 16:24:12 - [MESSAGE][INFO] - Action delay is set to 0 milliseconds

2023-05-10 16:24:22 - [MESSAGE][PASSED] - Browser is opened with url: ''

2023-05-10 16:24:22 - [TEST_STEP][PASSED] - navigateToUrl("https://opensource-demo.orangehrmlive.com/web/index.php/auth/login"): Navigate to 'https://opensource-demo.orangehrmlive.com/web/index.php/auth/login' successfully

2023-05-10 16:24:27 - [MESSAGE][PASSED] - Navigate to 'https://opensource-demo.orangehrmlive.com/web/index.php/auth/login' successfully

2023-05-10 16:24:27 - [TEST_STEP][PASSED] - maximizeWindow(): Current window maximized

2023-05-10 16:24:27 - [MESSAGE][PASSED] - Current window maximized

2023-05-10 16:24:27 - [TEST_STEP][PASSED] - setText(findTestObject("Object Repository/orangehrmvisual/Page_OrangeHRM/input_Username_username"), "Admin"): Text 'Admin' is set on object 'Object Repository/orangehrmvisual/Page_OrangeHRM/input_Username_username'

2023-05-10 16:24:30 - [MESSAGE][PASSED] - Text 'Admin' is set on object 'Object Repository/orangehrmvisual/Page_OrangeHRM/input_Username_username'

2023-05-10 16:24:30 - [TEST_STEP][PASSED] - setEncryptedText(findTestObject("Object Repository/orangehrmvisual/Page_OrangeHRM/input_Password_password"), "x1sEjwsmWlU="): Text ****** has been set on object 'Object Repository/orangehrmvisual/Page_OrangeHRM/input_Password_password'

2023-05-10 16:24:31 - [MESSAGE][PASSED] - Text ****** has been set on object 'Object Repository/orangehrmvisual/Page_OrangeHRM/input_Password_password'

2023-05-10 16:24:31 - [TEST_STEP][PASSED] - takeScreenshotAsCheckpoint("full_view"): Taking screenshot successfully

2023-05-10 16:24:33 - [MESSAGE][INFO] - 0 hidden object(s)

2023-05-10 16:24:33 - [MESSAGE][PASSED] - Taking screenshot successfully
[[ATTACHMENT|keyes\keyes-full_view.png]]

2023-05-10 16:24:33 - [TEST_STEP][PASSED] - click(findTestObject("Object Repository/orangehrmvisual/Page_OrangeHRM/button_Login")): Object: 'Object Repository/orangehrmvisual/Page_OrangeHRM/button_Login' is clicked on

2023-05-10 16:24:34 - [MESSAGE][PASSED] - Object: 'Object Repository/orangehrmvisual/Page_OrangeHRM/button_Login' is clicked on]]></system-out>
         <system-err><![CDATA[]]></system-err>
      </testcase>
      <system-out><![CDATA[2023-05-10 16:24:10 - [TEST_SUITE][PASSED] - VisualMay1: Test Cases/Visual Testing_TCs/TC_01]]></system-out>
      <system-err><![CDATA[]]></system-err>
   </testsuite>
</testsuites>
