<?xml version="1.0" encoding="UTF-8"?>
<testsuites name="RD_Grid1" time="271.269" tests="1" failures="0" errors="0">
   <testsuite name="RD_Grid1" tests="1" failures="0" errors="0" time="271.269" skipped="0" timestamp="2023-05-03 17:11:41" hostname="om - DESKTOP-ULKJEBS" id="Test Suites/RD_Grid1">
      <properties>
         <property name="deviceName" value=""/>
         <property name="devicePlatform" value=""/>
         <property name="logFolder" value="C:\\Users\\om\\Katalon Studio\\RD_TestKTRE\\Reports\\20230503_171115\\RD_Grid1\\20230503_171128"/>
         <property name="logFiles" value="C:\\Users\\om\\Katalon Studio\\RD_TestKTRE\\Reports\\20230503_171115\\RD_Grid1\\20230503_171128\\execution0.log"/>
         <property name="attachments" value=""/>
         <property name="hostName" value="om - DESKTOP-ULKJEBS"/>
         <property name="os" value="Windows 10 64bit"/>
         <property name="katalonVersion" value="8.6.0.208"/>
         <property name="browser" value="Chrome 113.0.0.0"/>
         <property name="hostAddress" value="192.168.0.174"/>
         <property name="sessionId" value="d2b81a7b992ebc5c719eed35360f6d4d"/>
         <property name="seleniumVersion" value="3.141.59"/>
         <property name="proxyInformation" value="ProxyInformation { proxyOption=NO_PROXY, proxyServerType=HTTP, username=, password=********, proxyServerAddress=, proxyServerPort=0, executionList=&quot;&quot;, isApplyToDesiredCapabilities=true }"/>
         <property name="platform" value="Windows 10"/>
      </properties>
      <testcase name="Test Cases/TableGrid1" time="270.481" classname="Test Cases/TableGrid1" status="PASSED">
         <system-out><![CDATA[2023-05-03 17:11:41 - [TEST_CASE][PASSED] - Test Cases/TableGrid1: Test Cases/TableGrid1

2023-05-03 17:11:42 - [TEST_STEP][PASSED] - openBrowser("https://www.w3schools.com/html/html_tables.asp"): Browser is opened with url: 'https://www.w3schools.com/html/html_tables.asp'

2023-05-03 17:11:43 - [MESSAGE][INFO] - Starting 'Chrome' driver

2023-05-03 17:11:43 - [MESSAGE][INFO] - Action delay is set to 0 milliseconds

2023-05-03 17:16:02 - [MESSAGE][PASSED] - Browser is opened with url: 'https://www.w3schools.com/html/html_tables.asp'

2023-05-03 17:16:02 - [TEST_STEP][PASSED] - delay(5): Delayed 5 second(s)

2023-05-03 17:16:07 - [MESSAGE][PASSED] - Delayed 5 second(s)

2023-05-03 17:16:07 - [TEST_STEP][PASSED] - maximizeWindow(): Current window maximized

2023-05-03 17:16:07 - [MESSAGE][PASSED] - Current window maximized

2023-05-03 17:16:07 - [TEST_STEP][PASSED] - rowTwoVariable = getText(findTestObject("WebTableTestObject/rowobject")): Text of object 'Object Repository/WebTableTestObject/rowobject' is: 'Alfreds Futterkiste'

2023-05-03 17:16:09 - [MESSAGE][PASSED] - Text of object 'Object Repository/WebTableTestObject/rowobject' is: 'Alfreds Futterkiste'

2023-05-03 17:16:09 - [TEST_STEP][PASSED] - delay(2): Delayed 2 second(s)

2023-05-03 17:16:11 - [MESSAGE][PASSED] - Delayed 2 second(s)

2023-05-03 17:16:11 - [TEST_STEP][PASSED] - closeBrowser(): Browser is closed

2023-05-03 17:16:12 - [MESSAGE][PASSED] - Browser is closed]]></system-out>
         <system-err><![CDATA[]]></system-err>
      </testcase>
      <system-out><![CDATA[2023-05-03 17:11:41 - [TEST_SUITE][PASSED] - RD_Grid1: Test Cases/TableGrid1]]></system-out>
      <system-err><![CDATA[]]></system-err>
   </testsuite>
</testsuites>
