<?xml version="1.0" encoding="UTF-8"?>
<testsuites name="FrameHandlingSuite001" time="60.397" tests="1" failures="0" errors="0">
   <testsuite name="FrameHandlingSuite001" tests="1" failures="0" errors="0" time="60.397" skipped="0" timestamp="2023-05-05 15:59:28" hostname="om - DESKTOP-ULKJEBS" id="Test Suites/FrameHandlingSuite001">
      <properties>
         <property name="deviceName" value=""/>
         <property name="devicePlatform" value=""/>
         <property name="logFolder" value="C:\\Users\\om\\Katalon Studio\\RD_TestKTRE\\Reports\\20230505_155802\\FrameHandlingSuite001\\20230505_155812"/>
         <property name="logFiles" value="C:\\Users\\om\\Katalon Studio\\RD_TestKTRE\\Reports\\20230505_155802\\FrameHandlingSuite001\\20230505_155812\\execution0.log"/>
         <property name="attachments" value=""/>
         <property name="hostName" value="om - DESKTOP-ULKJEBS"/>
         <property name="os" value="Windows 10 64bit"/>
         <property name="katalonVersion" value="8.6.0.208"/>
         <property name="browser" value="Chrome 113.0.0.0"/>
         <property name="hostAddress" value="192.168.0.174"/>
         <property name="sessionId" value="e28bf91ae65fae9920cf02de489fbef6"/>
         <property name="seleniumVersion" value="3.141.59"/>
         <property name="proxyInformation" value="ProxyInformation { proxyOption=NO_PROXY, proxyServerType=HTTP, username=, password=********, proxyServerAddress=, proxyServerPort=0, executionList=&quot;&quot;, isApplyToDesiredCapabilities=true }"/>
         <property name="platform" value="Windows 10"/>
      </properties>
      <testcase name="Test Cases/W3School/FramHandling" time="59.704" classname="Test Cases/W3School/FramHandling" status="PASSED">
         <system-out><![CDATA[2023-05-05 15:59:29 - [TEST_CASE][PASSED] - Test Cases/W3School/FramHandling: Test Cases/W3School/FramHandling

2023-05-05 15:59:29 - [TEST_STEP][PASSED] - openBrowser("https://www.w3schools.com/js/js_popup.asp"): Browser is opened with url: 'https://www.w3schools.com/js/js_popup.asp'

2023-05-05 15:59:30 - [MESSAGE][INFO] - Starting 'Chrome' driver

2023-05-05 15:59:30 - [MESSAGE][INFO] - Action delay is set to 0 milliseconds

2023-05-05 16:00:13 - [MESSAGE][PASSED] - Browser is opened with url: 'https://www.w3schools.com/js/js_popup.asp'

2023-05-05 16:00:13 - [TEST_STEP][PASSED] - maximizeWindow(): Current window maximized

2023-05-05 16:00:13 - [MESSAGE][PASSED] - Current window maximized

2023-05-05 16:00:13 - [TEST_STEP][PASSED] - click(findTestObject("Object Repository/W3School/PromptButton")): Object: 'Object Repository/W3School/PromptButton' is clicked on

2023-05-05 16:00:16 - [MESSAGE][PASSED] - Object: 'Object Repository/W3School/PromptButton' is clicked on

2023-05-05 16:00:16 - [TEST_STEP][PASSED] - delay(2): Delayed 2 second(s)

2023-05-05 16:00:18 - [MESSAGE][PASSED] - Delayed 2 second(s)

2023-05-05 16:00:18 - [TEST_STEP][PASSED] - switchToWindowIndex(1): Switched to window with index: '1'

2023-05-05 16:00:18 - [MESSAGE][PASSED] - Switched to window with index: '1'

2023-05-05 16:00:18 - [TEST_STEP][PASSED] - switchToFrame(findTestObject("Object Repository/W3School/TryItButtonFrame"), 3): null

2023-05-05 16:00:27 - [TEST_STEP][PASSED] - switchToWindowIndex(0): Switched to window with index: '0'

2023-05-05 16:00:27 - [MESSAGE][PASSED] - Switched to window with index: '0'

2023-05-05 16:00:27 - [TEST_STEP][PASSED] - closeBrowser(): Browser is closed

2023-05-05 16:00:28 - [MESSAGE][PASSED] - Browser is closed]]></system-out>
         <system-err><![CDATA[]]></system-err>
      </testcase>
      <system-out><![CDATA[2023-05-05 15:59:28 - [TEST_SUITE][PASSED] - FrameHandlingSuite001: Test Cases/W3School/FramHandling]]></system-out>
      <system-err><![CDATA[]]></system-err>
   </testsuite>
</testsuites>
