<?xml version="1.0" encoding="UTF-8"?>
<testsuites name="Javascript001" time="24.513" tests="1" failures="0" errors="0">
   <testsuite name="Javascript001" tests="1" failures="0" errors="0" time="24.513" skipped="0" timestamp="2023-05-03 17:49:03" hostname="om - DESKTOP-ULKJEBS" id="Test Suites/Javascript001">
      <properties>
         <property name="deviceName" value=""/>
         <property name="devicePlatform" value=""/>
         <property name="logFolder" value="C:\\Users\\om\\Katalon Studio\\RD_TestKTRE\\Reports\\20230503_174841\\Javascript001\\20230503_174851"/>
         <property name="logFiles" value="C:\\Users\\om\\Katalon Studio\\RD_TestKTRE\\Reports\\20230503_174841\\Javascript001\\20230503_174851\\execution0.log"/>
         <property name="attachments" value=""/>
         <property name="hostName" value="om - DESKTOP-ULKJEBS"/>
         <property name="os" value="Windows 10 64bit"/>
         <property name="katalonVersion" value="8.6.0.208"/>
         <property name="browser" value="Chrome 113.0.0.0"/>
         <property name="hostAddress" value="192.168.0.174"/>
         <property name="sessionId" value="ae43b956a1ef10b0fff97fc5cf391985"/>
         <property name="seleniumVersion" value="3.141.59"/>
         <property name="proxyInformation" value="ProxyInformation { proxyOption=NO_PROXY, proxyServerType=HTTP, username=, password=********, proxyServerAddress=, proxyServerPort=0, executionList=&quot;&quot;, isApplyToDesiredCapabilities=true }"/>
         <property name="platform" value="Windows 10"/>
      </properties>
      <testcase name="Test Cases/JavaScriptWait" time="23.808" classname="Test Cases/JavaScriptWait" status="PASSED">
         <system-out><![CDATA[2023-05-03 17:49:04 - [TEST_CASE][PASSED] - Test Cases/JavaScriptWait: Test Cases/JavaScriptWait

2023-05-03 17:49:05 - [TEST_STEP][PASSED] - openBrowser("http://www.themazerunner.com.au/"): Browser is opened with url: 'http://www.themazerunner.com.au/'

2023-05-03 17:49:06 - [MESSAGE][INFO] - Starting 'Chrome' driver

2023-05-03 17:49:06 - [MESSAGE][INFO] - Action delay is set to 0 milliseconds

2023-05-03 17:49:21 - [MESSAGE][PASSED] - Browser is opened with url: 'http://www.themazerunner.com.au/'

2023-05-03 17:49:21 - [TEST_STEP][PASSED] - s = "window.onload = function() {}": null

2023-05-03 17:49:21 - [TEST_STEP][PASSED] - executeJavaScript(s, null): Execute JavaScript 'window.onload = function() {}' successfully

2023-05-03 17:49:24 - [MESSAGE][PASSED] - Execute JavaScript 'window.onload = function() {}' successfully

2023-05-03 17:49:24 - [TEST_STEP][PASSED] - closeBrowser(): Browser is closed

2023-05-03 17:49:28 - [MESSAGE][PASSED] - Browser is closed]]></system-out>
         <system-err><![CDATA[]]></system-err>
      </testcase>
      <system-out><![CDATA[2023-05-03 17:49:03 - [TEST_SUITE][PASSED] - Javascript001: Test Cases/JavaScriptWait]]></system-out>
      <system-err><![CDATA[]]></system-err>
   </testsuite>
</testsuites>
