<?xml version="1.0" encoding="UTF-8"?>
<testsuites name="FrameHandlingSuite001" time="93.239" tests="1" failures="0" errors="0">
   <testsuite name="FrameHandlingSuite001" tests="1" failures="0" errors="0" time="93.239" skipped="0" timestamp="2023-05-04 00:50:27" hostname="om - DESKTOP-ULKJEBS" id="Test Suites/FrameHandlingSuite001">
      <properties>
         <property name="deviceName" value=""/>
         <property name="devicePlatform" value=""/>
         <property name="logFolder" value="C:\\Users\\om\\Katalon Studio\\RD_TestKTRE\\Reports\\20230504_005014\\FrameHandlingSuite001\\20230504_005015"/>
         <property name="logFiles" value="C:\\Users\\om\\Katalon Studio\\RD_TestKTRE\\Reports\\20230504_005014\\FrameHandlingSuite001\\20230504_005015\\execution0.log"/>
         <property name="attachments" value=""/>
         <property name="hostName" value="om - DESKTOP-ULKJEBS"/>
         <property name="remoteDriverUrl" value="testcloud.katalon.com/hub"/>
         <property name="desiredCapabilities" value="{
  &quot;acceptInsecureCerts&quot;: false,
  &quot;browserName&quot;: &quot;internet explorer&quot;,
  &quot;browserVersion&quot;: &quot;11&quot;,
  &quot;javascriptEnabled&quot;: true,
  &quot;pageLoadStrategy&quot;: &quot;normal&quot;,
  &quot;platform&quot;: &quot;WINDOWS&quot;,
  &quot;platformName&quot;: &quot;WINDOWS&quot;,
  &quot;proxy&quot;: {
    &quot;proxyType&quot;: &quot;DIRECT&quot;,
    &quot;autodetect&quot;: false
  },
  &quot;requestId&quot;: &quot;d8a572c3-e982-4453-8cf1-30f8f78f0dbb&quot;,
  &quot;se:ieOptions&quot;: {
    &quot;browserAttachTimeout&quot;: 0,
    &quot;elementScrollBehavior&quot;: 0,
    &quot;enablePersistentHover&quot;: false,
    &quot;ie.browserCommandLineSwitches&quot;: &quot;&quot;,
    &quot;ie.edgechromium&quot;: false,
    &quot;ie.edgepath&quot;: &quot;&quot;,
    &quot;ie.ensureCleanSession&quot;: false,
    &quot;ie.fileUploadDialogTimeout&quot;: 3000,
    &quot;ie.forceCreateProcessApi&quot;: false,
    &quot;ie.usePerProcessProxy&quot;: false,
    &quot;ignoreProtectedModeSettings&quot;: true,
    &quot;ignoreZoomSetting&quot;: true,
    &quot;initialBrowserUrl&quot;: &quot;http://localhost:64799/&quot;,
    &quot;nativeEvents&quot;: true,
    &quot;requireWindowFocus&quot;: true
  },
  &quot;setWindowRect&quot;: true,
  &quot;strictFileInteractability&quot;: false,
  &quot;test:katalon:option&quot;: {
    &quot;unlimitedExecutionMinutes&quot;: true,
    &quot;jwt&quot;: &quot;eyJ0eXAiOiJKV1QiLCJhbGciOiJSUzI1NiJ9.eyJzdWIiOiJyYWpuaS5kdWJleUBtaW5kdHJlZS5jb20iLCJ1cG4iOiIxMDMzOTI3IiwiZ3JvdXBzIjpbIlVTRVIiXSwic3RhdHVzIjoiVkVSSUZJRUQiLCJnaXZlbl9uYW1lIjoicmFqbmkiLCJmYW1pbHlfbmFtZSI6ImR1YmV5IiwiZW1haWwiOiJyYWpuaS5kdWJleUBtaW5kdHJlZS5jb20iLCJlbWFpbF92ZXJpZmllZCI6dHJ1ZSwiY3JlYXRlZF9hdCI6MTY2MTUwODEzOSwidXBkYXRlZF9hdCI6MTY4MzAyOTQwMiwiYW1yIjpbInB3ZCJdLCJpYXQiOjE2ODMwMjk0MjAsImV4cCI6MTY4MzYzNDIyMCwianRpIjoiYjllYTkzZGUtZDgzMi00OGZhLTkzZWUtNmQzY2UyNmI4ZDNlIiwiaXNzIjoia2F0YWxvbi1hdXRoIn0.EAHjd5gHczGDzCt765D5v-C_yVenHutb6u6R47DhAVe2hiDxInHL-SED_msnvQ7LXDwCCKmR2Mou5K3KfZIHpPS-sSObrfeNEz0eKXPPstPv-w7-tKSmuZjsrlpA1AfXMUsKDkn9ENTLsEwC7sH_gWkYwIFvCDQuGFaVRckqKPXnFul2TXwHqBIFobkYXASEN9aY_Ed2tg8wlDdSgciagFZlpJvGRBDbxKb3wPzwIpRCAk3TpslalmQ_B9Bg0LODqBO5BcPntd_y_QybHSdvtjRHih9dn_838aR97mhg_bUggFTaSfK3r7UDLIryKVNdd1nRh2Zxte3bldBP1Cmi0g&quot;,
    &quot;userId&quot;: 1033927,
    &quot;organizationId&quot;: &quot;856218&quot;,
    &quot;class&quot;: &quot;com.katalon.testcloud.grid.common.tunnel.domain.UserOptionCapability&quot;,
    &quot;runFromTestCloud&quot;: true,
    &quot;usingTunnel&quot;: false,
    &quot;username&quot;: &quot;rajni.dubey@mindtree.com&quot;
  },
  &quot;timeouts&quot;: {
    &quot;implicit&quot;: 0,
    &quot;pageLoad&quot;: 300000,
    &quot;script&quot;: 30000
  },
  &quot;unhandledPromptBehavior&quot;: &quot;dismiss and notify&quot;
}"/>
         <property name="os" value="Windows 10 64bit"/>
         <property name="remoteOS" value="Windows"/>
         <property name="katalonVersion" value="8.5.5.208"/>
         <property name="browser" value="IE 11"/>
         <property name="hostAddress" value="192.168.0.174"/>
         <property name="sessionId" value="8bf528ec-bebb-449b-873a-5d450286535d"/>
         <property name="seleniumVersion" value="3.141.59"/>
         <property name="proxyInformation" value="ProxyInformation { proxyOption=NO_PROXY, proxyServerType=HTTP, username=, password=********, proxyServerAddress=, proxyServerPort=0, executionList=&quot;&quot;, isApplyToDesiredCapabilities=true }"/>
         <property name="platform" value="Windows 10"/>
      </properties>
      <testcase name="Test Cases/W3School/FramHandling" time="92.563" classname="Test Cases/W3School/FramHandling" status="PASSED">
         <system-out><![CDATA[2023-05-04 00:50:28 - [TEST_CASE][PASSED] - Test Cases/W3School/FramHandling: Test Cases/W3School/FramHandling

2023-05-04 00:50:29 - [TEST_STEP][PASSED] - openBrowser("https://www.w3schools.com/js/js_popup.asp"): Browser is opened with url: 'https://www.w3schools.com/js/js_popup.asp'

2023-05-04 00:50:30 - [MESSAGE][INFO] - User set preference: ['os', 'windows']

2023-05-04 00:50:30 - [MESSAGE][INFO] - User set preference: ['browserName', 'internet explorer']

2023-05-04 00:50:30 - [MESSAGE][INFO] - User set preference: ['browserVersion', '11']

2023-05-04 00:50:30 - [MESSAGE][INFO] - User set preference: ['katalon:option', '{organizationId=856218, tunnelId=, usingTunnel=false}']

2023-05-04 00:50:30 - [MESSAGE][INFO] - Connecting to remote web server 'testcloud.katalon.com/hub' with type 'Selenium'

2023-05-04 00:50:31 - [MESSAGE][INFO] - Action delay is set to 0 milliseconds

2023-05-04 00:51:40 - [MESSAGE][PASSED] - Browser is opened with url: 'https://www.w3schools.com/js/js_popup.asp'

2023-05-04 00:51:40 - [TEST_STEP][PASSED] - maximizeWindow(): Current window maximized

2023-05-04 00:51:41 - [MESSAGE][PASSED] - Current window maximized

2023-05-04 00:51:41 - [TEST_STEP][PASSED] - click(findTestObject("Object Repository/W3School/PromptButton")): Object: 'Object Repository/W3School/PromptButton' is clicked on

2023-05-04 00:51:52 - [MESSAGE][PASSED] - Object: 'Object Repository/W3School/PromptButton' is clicked on

2023-05-04 00:51:52 - [TEST_STEP][PASSED] - delay(2): Delayed 2 second(s)

2023-05-04 00:51:54 - [MESSAGE][PASSED] - Delayed 2 second(s)

2023-05-04 00:51:54 - [TEST_STEP][PASSED] - switchToWindowIndex(1): Switched to window with index: '1'

2023-05-04 00:51:55 - [MESSAGE][PASSED] - Switched to window with index: '1'

2023-05-04 00:51:55 - [TEST_STEP][PASSED] - switchToFrame(findTestObject("Object Repository/W3School/TryItButtonFrame"), 3): null

2023-05-04 00:51:58 - [TEST_STEP][PASSED] - switchToWindowIndex(0): Switched to window with index: '0'

2023-05-04 00:51:59 - [MESSAGE][PASSED] - Switched to window with index: '0'

2023-05-04 00:51:59 - [TEST_STEP][PASSED] - closeBrowser(): Browser is closed

2023-05-04 00:52:01 - [MESSAGE][PASSED] - Browser is closed]]></system-out>
         <system-err><![CDATA[]]></system-err>
      </testcase>
      <system-out><![CDATA[2023-05-04 00:50:27 - [TEST_SUITE][PASSED] - FrameHandlingSuite001: Test Cases/W3School/FramHandling]]></system-out>
      <system-err><![CDATA[]]></system-err>
   </testsuite>
</testsuites>
