<?xml version="1.0" encoding="UTF-8"?>
<testsuites name="KeyboardACtion" time="29.989" tests="1" failures="0" errors="0">
   <testsuite name="KeyboardACtion" tests="1" failures="0" errors="0" time="29.989" skipped="0" timestamp="2023-05-09 00:48:57" hostname="om - DESKTOP-ULKJEBS" id="Test Suites/KeyboardACtion">
      <properties>
         <property name="deviceName" value=""/>
         <property name="devicePlatform" value=""/>
         <property name="logFolder" value="C:\\Users\\om\\Katalon Studio\\RD_TestKTRE\\Reports\\20230509_004826\\KeyboardACtion\\20230509_004826"/>
         <property name="logFiles" value="C:\\Users\\om\\Katalon Studio\\RD_TestKTRE\\Reports\\20230509_004826\\KeyboardACtion\\20230509_004826\\execution0.log"/>
         <property name="attachments" value=""/>
         <property name="hostName" value="om - DESKTOP-ULKJEBS"/>
         <property name="os" value="Windows 10 64bit"/>
         <property name="katalonVersion" value="8.5.5.208"/>
         <property name="browser" value="Chrome 113.0.0.0"/>
         <property name="hostAddress" value="192.168.0.174"/>
         <property name="sessionId" value="a714299513344ac4ff5a1818625e6a97"/>
         <property name="seleniumVersion" value="3.141.59"/>
         <property name="proxyInformation" value="ProxyInformation { proxyOption=NO_PROXY, proxyServerType=HTTP, username=, password=********, proxyServerAddress=, proxyServerPort=0, executionList=&quot;&quot;, isApplyToDesiredCapabilities=true }"/>
         <property name="platform" value="Windows 10"/>
      </properties>
      <testcase name="Test Cases/KeyboardAction/Action1" time="29.044" classname="Test Cases/KeyboardAction/Action1" status="PASSED">
         <system-out><![CDATA[2023-05-09 00:48:58 - [TEST_CASE][PASSED] - Test Cases/KeyboardAction/Action1: Test Cases/KeyboardAction/Action1

2023-05-09 00:49:00 - [TEST_STEP][PASSED] - openBrowser("http://demos.telerik.com/aspnet-ajax/textbox/overview/defaultcs.aspx"): Browser is opened with url: 'http://demos.telerik.com/aspnet-ajax/textbox/overview/defaultcs.aspx'

2023-05-09 00:49:01 - [MESSAGE][INFO] - Starting 'Chrome' driver

2023-05-09 00:49:01 - [MESSAGE][INFO] - Action delay is set to 0 milliseconds

2023-05-09 00:49:19 - [MESSAGE][PASSED] - Browser is opened with url: 'http://demos.telerik.com/aspnet-ajax/textbox/overview/defaultcs.aspx'

2023-05-09 00:49:19 - [TEST_STEP][PASSED] - waitForPageLoad(TimeOut): Wait for page load successfully

2023-05-09 00:49:22 - [MESSAGE][PASSED] - Wait for page load successfully

2023-05-09 00:49:22 - [TEST_STEP][PASSED] - maximizeWindow(): Current window maximized

2023-05-09 00:49:22 - [MESSAGE][PASSED] - Current window maximized

2023-05-09 00:49:22 - [TEST_STEP][PASSED] - waitForElementVisible(findTestObject("TelerikWebElemet/TextArea"), TimeOut): Object 'Object Repository/TelerikWebElemet/TextArea' is visible

2023-05-09 00:49:23 - [MESSAGE][PASSED] - Object 'Object Repository/TelerikWebElemet/TextArea' is visible

2023-05-09 00:49:23 - [TEST_STEP][PASSED] - sendKeys(findTestObject("TelerikWebElemet/TextArea"), Keys.chord(SHIFT, "hi from Rajni")): Keys 'SHIFT + hi from Rajni' sent to object: 'Object Repository/TelerikWebElemet/TextArea'

2023-05-09 00:49:24 - [MESSAGE][PASSED] - Keys 'SHIFT + hi from Rajni' sent to object: 'Object Repository/TelerikWebElemet/TextArea'

2023-05-09 00:49:24 - [TEST_STEP][PASSED] - delay(2): Delayed 2 second(s)

2023-05-09 00:49:26 - [MESSAGE][PASSED] - Delayed 2 second(s)

2023-05-09 00:49:26 - [TEST_STEP][PASSED] - closeBrowser(): Browser is closed

2023-05-09 00:49:27 - [MESSAGE][PASSED] - Browser is closed]]></system-out>
         <system-err><![CDATA[]]></system-err>
      </testcase>
      <system-out><![CDATA[2023-05-09 00:48:57 - [TEST_SUITE][PASSED] - KeyboardACtion: Test Cases/KeyboardAction/Action1]]></system-out>
      <system-err><![CDATA[]]></system-err>
   </testsuite>
</testsuites>
